# JRE version: OpenJDK Runtime Environment (8.0_112-b06) (build 1.8.0_112-release-b06)
# Java VM: OpenJDK 64-Bit Server VM (25.112-b06 mixed mode windows-amd64 compressed oops)
Heap:
 PSYoungGen      total 249856K, used 160683K [0x00000000e0000000, 0x00000000f2c00000, 0x0000000100000000)
  eden space 226304K, 61% used [0x00000000e0000000,0x00000000e8763510,0x00000000edd00000)
  from space 23552K, 93% used [0x00000000edd00000,0x00000000ef287a70,0x00000000ef400000)
  to   space 26112K, 0% used [0x00000000f1280000,0x00000000f1280000,0x00000000f2c00000)
 ParOldGen       total 139776K, used 49175K [0x00000000a0000000, 0x00000000a8880000, 0x00000000e0000000)
  object space 139776K, 35% used [0x00000000a0000000,0x00000000a3005e68,0x00000000a8880000)
 Metaspace       used 69039K, capacity 72094K, committed 72152K, reserved 1112064K
  class space    used 9047K, capacity 9634K, committed 9688K, reserved 1048576K
GC Heap History (10 events):
Event: 45.979 GC heap before
{Heap before GC invocations=16 (full 2):
 PSYoungGen      total 153088K, used 62145K [0x00000000e0000000, 0x00000000ee580000, 0x0000000100000000)
  eden space 135680K, 32% used [0x00000000e0000000,0x00000000e2bb70b0,0x00000000e8480000)
  from space 17408K, 99% used [0x00000000e8480000,0x00000000e9579520,0x00000000e9580000)
  to   space 23040K, 0% used [0x00000000ecf00000,0x00000000ecf00000,0x00000000ee580000)
 ParOldGen       total 80896K, used 34367K [0x00000000a0000000, 0x00000000a4f00000, 0x00000000e0000000)
  object space 80896K, 42% used [0x00000000a0000000,0x00000000a218ff88,0x00000000a4f00000)
 Metaspace       used 56373K, capacity 58798K, committed 58968K, reserved 1099776K
  class space    used 7656K, capacity 8186K, committed 8280K, reserved 1048576K
Event: 46.069 GC heap after
Heap after GC invocations=16 (full 2):
 PSYoungGen      total 209920K, used 19717K [0x00000000e0000000, 0x00000000ee900000, 0x0000000100000000)
  eden space 186880K, 0% used [0x00000000e0000000,0x00000000e0000000,0x00000000eb680000)
  from space 23040K, 85% used [0x00000000ecf00000,0x00000000ee241718,0x00000000ee580000)
  to   space 25088K, 0% used [0x00000000eb680000,0x00000000eb680000,0x00000000ecf00000)
 ParOldGen       total 80896K, used 37143K [0x00000000a0000000, 0x00000000a4f00000, 0x00000000e0000000)
  object space 80896K, 45% used [0x00000000a0000000,0x00000000a2445d90,0x00000000a4f00000)
 Metaspace       used 56373K, capacity 58798K, committed 58968K, reserved 1099776K
  class space    used 7656K, capacity 8186K, committed 8280K, reserved 1048576K
}
Event: 46.069 GC heap before
{Heap before GC invocations=17 (full 3):
 PSYoungGen      total 209920K, used 19717K [0x00000000e0000000, 0x00000000ee900000, 0x0000000100000000)
  eden space 186880K, 0% used [0x00000000e0000000,0x00000000e0000000,0x00000000eb680000)
  from space 23040K, 85% used [0x00000000ecf00000,0x00000000ee241718,0x00000000ee580000)
  to   space 25088K, 0% used [0x00000000eb680000,0x00000000eb680000,0x00000000ecf00000)
 ParOldGen       total 80896K, used 37143K [0x00000000a0000000, 0x00000000a4f00000, 0x00000000e0000000)
  object space 80896K, 45% used [0x00000000a0000000,0x00000000a2445d90,0x00000000a4f00000)
 Metaspace       used 56373K, capacity 58798K, committed 58968K, reserved 1099776K
  class space    used 7656K, capacity 8186K, committed 8280K, reserved 1048576K
Event: 46.987 GC heap after
Heap after GC invocations=17 (full 3):
 PSYoungGen      total 209920K, used 0K [0x00000000e0000000, 0x00000000ee900000, 0x0000000100000000)
  eden space 186880K, 0% used [0x00000000e0000000,0x00000000e0000000,0x00000000eb680000)
  from space 23040K, 0% used [0x00000000ecf00000,0x00000000ecf00000,0x00000000ee580000)
  to   space 25088K, 0% used [0x00000000eb680000,0x00000000eb680000,0x00000000ecf00000)
 ParOldGen       total 139776K, used 48631K [0x00000000a0000000, 0x00000000a8880000, 0x00000000e0000000)
  object space 139776K, 34% used [0x00000000a0000000,0x00000000a2f7de38,0x00000000a8880000)
 Metaspace       used 56373K, capacity 58798K, committed 58968K, reserved 1099776K
  class space    used 7656K, capacity 8186K, committed 8280K, reserved 1048576K
}
Event: 84.397 GC heap before
{Heap before GC invocations=18 (full 3):
 PSYoungGen      total 209920K, used 186880K [0x00000000e0000000, 0x00000000ee900000, 0x0000000100000000)
  eden space 186880K, 100% used [0x00000000e0000000,0x00000000eb680000,0x00000000eb680000)
  from space 23040K, 0% used [0x00000000ecf00000,0x00000000ecf00000,0x00000000ee580000)
  to   space 25088K, 0% used [0x00000000eb680000,0x00000000eb680000,0x00000000ecf00000)
 ParOldGen       total 139776K, used 48631K [0x00000000a0000000, 0x00000000a8880000, 0x00000000e0000000)
  object space 139776K, 34% used [0x00000000a0000000,0x00000000a2f7de38,0x00000000a8880000)
 Metaspace       used 64718K, capacity 67414K, committed 67672K, reserved 1107968K
  class space    used 8632K, capacity 9188K, committed 9304K, reserved 1048576K
Event: 84.443 GC heap after
Heap after GC invocations=18 (full 3):
 PSYoungGen      total 211968K, used 13337K [0x00000000e0000000, 0x00000000f1300000, 0x0000000100000000)
  eden space 186880K, 0% used [0x00000000e0000000,0x00000000e0000000,0x00000000eb680000)
  from space 25088K, 53% used [0x00000000eb680000,0x00000000ec3864a0,0x00000000ecf00000)
  to   space 24064K, 0% used [0x00000000efb80000,0x00000000efb80000,0x00000000f1300000)
 ParOldGen       total 139776K, used 48647K [0x00000000a0000000, 0x00000000a8880000, 0x00000000e0000000)
  object space 139776K, 34% used [0x00000000a0000000,0x00000000a2f81e38,0x00000000a8880000)
 Metaspace       used 64718K, capacity 67414K, committed 67672K, reserved 1107968K
  class space    used 8632K, capacity 9188K, committed 9304K, reserved 1048576K
}
Event: 215.631 GC heap before
{Heap before GC invocations=19 (full 3):
 PSYoungGen      total 211968K, used 200217K [0x00000000e0000000, 0x00000000f1300000, 0x0000000100000000)
  eden space 186880K, 100% used [0x00000000e0000000,0x00000000eb680000,0x00000000eb680000)
  from space 25088K, 53% used [0x00000000eb680000,0x00000000ec3864a0,0x00000000ecf00000)
  to   space 24064K, 0% used [0x00000000efb80000,0x00000000efb80000,0x00000000f1300000)
 ParOldGen       total 139776K, used 48647K [0x00000000a0000000, 0x00000000a8880000, 0x00000000e0000000)
  object space 139776K, 34% used [0x00000000a0000000,0x00000000a2f81e38,0x00000000a8880000)
 Metaspace       used 67960K, capacity 70858K, committed 71128K, reserved 1110016K
  class space    used 8998K, capacity 9568K, committed 9688K, reserved 1048576K
Event: 215.678 GC heap after
Heap after GC invocations=19 (full 3):
 PSYoungGen      total 242176K, used 13136K [0x00000000e0000000, 0x00000000f0b00000, 0x0000000100000000)
  eden space 226304K, 0% used [0x00000000e0000000,0x00000000e0000000,0x00000000edd00000)
  from space 15872K, 82% used [0x00000000efb80000,0x00000000f0854080,0x00000000f0b00000)
  to   space 23552K, 0% used [0x00000000edd00000,0x00000000edd00000,0x00000000ef400000)
 ParOldGen       total 139776K, used 49167K [0x00000000a0000000, 0x00000000a8880000, 0x00000000e0000000)
  object space 139776K, 35% used [0x00000000a0000000,0x00000000a3003e68,0x00000000a8880000)
 Metaspace       used 67960K, capacity 70858K, committed 71128K, reserved 1110016K
  class space    used 8998K, capacity 9568K, committed 9688K, reserved 1048576K
}
Event: 219.819 GC heap before
{Heap before GC invocations=20 (full 3):
 PSYoungGen      total 242176K, used 239167K [0x00000000e0000000, 0x00000000f0b00000, 0x0000000100000000)
  eden space 226304K, 99% used [0x00000000e0000000,0x00000000edcbbd80,0x00000000edd00000)
  from space 15872K, 82% used [0x00000000efb80000,0x00000000f0854080,0x00000000f0b00000)
  to   space 23552K, 0% used [0x00000000edd00000,0x00000000edd00000,0x00000000ef400000)
 ParOldGen       total 139776K, used 49167K [0x00000000a0000000, 0x00000000a8880000, 0x00000000e0000000)
  object space 139776K, 35% used [0x00000000a0000000,0x00000000a3003e68,0x00000000a8880000)
 Metaspace       used 68699K, capacity 71630K, committed 71896K, reserved 1112064K
  class space    used 9020K, capacity 9602K, committed 9688K, reserved 1048576K
Event: 219.840 GC heap after
Heap after GC invocations=20 (full 3):
 PSYoungGen      total 249856K, used 22046K [0x00000000e0000000, 0x00000000f2c00000, 0x0000000100000000)
  eden space 226304K, 0% used [0x00000000e0000000,0x00000000e0000000,0x00000000edd00000)
  from space 23552K, 93% used [0x00000000edd00000,0x00000000ef287a70,0x00000000ef400000)
  to   space 26112K, 0% used [0x00000000f1280000,0x00000000f1280000,0x00000000f2c00000)
 ParOldGen       total 139776K, used 49175K [0x00000000a0000000, 0x00000000a8880000, 0x00000000e0000000)
  object space 139776K, 35% used [0x00000000a0000000,0x00000000a3005e68,0x00000000a8880000)
 Metaspace       used 68699K, capacity 71630K, committed 71896K, reserved 1112064K
  class space    used 9020K, capacity 9602K, committed 9688K, reserved 1048576K
}

