# JRE version: OpenJDK Runtime Environment (8.0_112-b06) (build 1.8.0_112-release-b06)
# Java VM: OpenJDK 64-Bit Server VM (25.112-b06 mixed mode windows-amd64 compressed oops)
Heap:
 PSYoungGen      total 58880K, used 6390K [0x00000000e0000000, 0x00000000e4380000, 0x0000000100000000)
  eden space 49152K, 1% used [0x00000000e0000000,0x00000000e00ecab0,0x00000000e3000000)
  from space 9728K, 55% used [0x00000000e3980000,0x00000000e3ed1040,0x00000000e4300000)
  to   space 9728K, 0% used [0x00000000e3000000,0x00000000e3000000,0x00000000e3980000)
 ParOldGen       total 62976K, used 11098K [0x00000000a0000000, 0x00000000a3d80000, 0x00000000e0000000)
  object space 62976K, 17% used [0x00000000a0000000,0x00000000a0ad6aa0,0x00000000a3d80000)
 Metaspace       used 30024K, capacity 30604K, committed 30720K, reserved 1075200K
  class space    used 4098K, capacity 4246K, committed 4352K, reserved 1048576K
GC Heap History (10 events):
Event: 9.783 GC heap before
{Heap before GC invocations=5 (full 1):
 PSYoungGen      total 38400K, used 5096K [0x00000000e0000000, 0x00000000e2a80000, 0x0000000100000000)
  eden space 33280K, 0% used [0x00000000e0000000,0x00000000e0000000,0x00000000e2080000)
  from space 5120K, 99% used [0x00000000e2580000,0x00000000e2a7a020,0x00000000e2a80000)
  to   space 5120K, 0% used [0x00000000e2080000,0x00000000e2080000,0x00000000e2580000)
 ParOldGen       total 87552K, used 8564K [0x00000000a0000000, 0x00000000a5580000, 0x00000000e0000000)
  object space 87552K, 9% used [0x00000000a0000000,0x00000000a085d2f0,0x00000000a5580000)
 Metaspace       used 20712K, capacity 21098K, committed 21248K, reserved 1067008K
  class space    used 2801K, capacity 2948K, committed 3072K, reserved 1048576K
Event: 9.931 GC heap after
Heap after GC invocations=5 (full 1):
 PSYoungGen      total 38400K, used 0K [0x00000000e0000000, 0x00000000e2a80000, 0x0000000100000000)
  eden space 33280K, 0% used [0x00000000e0000000,0x00000000e0000000,0x00000000e2080000)
  from space 5120K, 0% used [0x00000000e2580000,0x00000000e2580000,0x00000000e2a80000)
  to   space 5120K, 0% used [0x00000000e2080000,0x00000000e2080000,0x00000000e2580000)
 ParOldGen       total 62976K, used 8692K [0x00000000a0000000, 0x00000000a3d80000, 0x00000000e0000000)
  object space 62976K, 13% used [0x00000000a0000000,0x00000000a087d3e0,0x00000000a3d80000)
 Metaspace       used 20712K, capacity 21098K, committed 21248K, reserved 1067008K
  class space    used 2801K, capacity 2948K, committed 3072K, reserved 1048576K
}
Event: 11.183 GC heap before
{Heap before GC invocations=6 (full 1):
 PSYoungGen      total 38400K, used 33280K [0x00000000e0000000, 0x00000000e2a80000, 0x0000000100000000)
  eden space 33280K, 100% used [0x00000000e0000000,0x00000000e2080000,0x00000000e2080000)
  from space 5120K, 0% used [0x00000000e2580000,0x00000000e2580000,0x00000000e2a80000)
  to   space 5120K, 0% used [0x00000000e2080000,0x00000000e2080000,0x00000000e2580000)
 ParOldGen       total 62976K, used 8692K [0x00000000a0000000, 0x00000000a3d80000, 0x00000000e0000000)
  object space 62976K, 13% used [0x00000000a0000000,0x00000000a087d3e0,0x00000000a3d80000)
 Metaspace       used 23766K, capacity 24204K, committed 24448K, reserved 1071104K
  class space    used 3193K, capacity 3341K, committed 3456K, reserved 1048576K
Event: 11.187 GC heap after
Heap after GC invocations=6 (full 1):
 PSYoungGen      total 38400K, used 3672K [0x00000000e0000000, 0x00000000e2a80000, 0x0000000100000000)
  eden space 33280K, 0% used [0x00000000e0000000,0x00000000e0000000,0x00000000e2080000)
  from space 5120K, 71% used [0x00000000e2080000,0x00000000e24161e0,0x00000000e2580000)
  to   space 5120K, 0% used [0x00000000e2580000,0x00000000e2580000,0x00000000e2a80000)
 ParOldGen       total 62976K, used 8700K [0x00000000a0000000, 0x00000000a3d80000, 0x00000000e0000000)
  object space 62976K, 13% used [0x00000000a0000000,0x00000000a087f3e0,0x00000000a3d80000)
 Metaspace       used 23766K, capacity 24204K, committed 24448K, reserved 1071104K
  class space    used 3193K, capacity 3341K, committed 3456K, reserved 1048576K
}
Event: 13.478 GC heap before
{Heap before GC invocations=7 (full 1):
 PSYoungGen      total 38400K, used 36952K [0x00000000e0000000, 0x00000000e2a80000, 0x0000000100000000)
  eden space 33280K, 100% used [0x00000000e0000000,0x00000000e2080000,0x00000000e2080000)
  from space 5120K, 71% used [0x00000000e2080000,0x00000000e24161e0,0x00000000e2580000)
  to   space 5120K, 0% used [0x00000000e2580000,0x00000000e2580000,0x00000000e2a80000)
 ParOldGen       total 62976K, used 8700K [0x00000000a0000000, 0x00000000a3d80000, 0x00000000e0000000)
  object space 62976K, 13% used [0x00000000a0000000,0x00000000a087f3e0,0x00000000a3d80000)
 Metaspace       used 26545K, capacity 27072K, committed 27136K, reserved 1073152K
  class space    used 3664K, capacity 3818K, committed 3840K, reserved 1048576K
Event: 13.511 GC heap after
Heap after GC invocations=7 (full 1):
 PSYoungGen      total 38400K, used 5111K [0x00000000e0000000, 0x00000000e2a80000, 0x0000000100000000)
  eden space 33280K, 0% used [0x00000000e0000000,0x00000000e0000000,0x00000000e2080000)
  from space 5120K, 99% used [0x00000000e2580000,0x00000000e2a7dd58,0x00000000e2a80000)
  to   space 5120K, 0% used [0x00000000e2080000,0x00000000e2080000,0x00000000e2580000)
 ParOldGen       total 62976K, used 9804K [0x00000000a0000000, 0x00000000a3d80000, 0x00000000e0000000)
  object space 62976K, 15% used [0x00000000a0000000,0x00000000a0993220,0x00000000a3d80000)
 Metaspace       used 26545K, capacity 27072K, committed 27136K, reserved 1073152K
  class space    used 3664K, capacity 3818K, committed 3840K, reserved 1048576K
}
Event: 16.138 GC heap before
{Heap before GC invocations=8 (full 1):
 PSYoungGen      total 38400K, used 38391K [0x00000000e0000000, 0x00000000e2a80000, 0x0000000100000000)
  eden space 33280K, 100% used [0x00000000e0000000,0x00000000e2080000,0x00000000e2080000)
  from space 5120K, 99% used [0x00000000e2580000,0x00000000e2a7dd58,0x00000000e2a80000)
  to   space 5120K, 0% used [0x00000000e2080000,0x00000000e2080000,0x00000000e2580000)
 ParOldGen       total 62976K, used 9804K [0x00000000a0000000, 0x00000000a3d80000, 0x00000000e0000000)
  object space 62976K, 15% used [0x00000000a0000000,0x00000000a0993220,0x00000000a3d80000)
 Metaspace       used 29660K, capacity 30188K, committed 30336K, reserved 1075200K
  class space    used 4076K, capacity 4214K, committed 4224K, reserved 1048576K
Event: 16.168 GC heap after
Heap after GC invocations=8 (full 1):
 PSYoungGen      total 38400K, used 5108K [0x00000000e0000000, 0x00000000e4300000, 0x0000000100000000)
  eden space 33280K, 0% used [0x00000000e0000000,0x00000000e0000000,0x00000000e2080000)
  from space 5120K, 99% used [0x00000000e2080000,0x00000000e257d050,0x00000000e2580000)
  to   space 9728K, 0% used [0x00000000e3980000,0x00000000e3980000,0x00000000e4300000)
 ParOldGen       total 62976K, used 11090K [0x00000000a0000000, 0x00000000a3d80000, 0x00000000e0000000)
  object space 62976K, 17% used [0x00000000a0000000,0x00000000a0ad4aa0,0x00000000a3d80000)
 Metaspace       used 29660K, capacity 30188K, committed 30336K, reserved 1075200K
  class space    used 4076K, capacity 4214K, committed 4224K, reserved 1048576K
}
Event: 19.053 GC heap before
{Heap before GC invocations=9 (full 1):
 PSYoungGen      total 38400K, used 38388K [0x00000000e0000000, 0x00000000e4300000, 0x0000000100000000)
  eden space 33280K, 100% used [0x00000000e0000000,0x00000000e2080000,0x00000000e2080000)
  from space 5120K, 99% used [0x00000000e2080000,0x00000000e257d050,0x00000000e2580000)
  to   space 9728K, 0% used [0x00000000e3980000,0x00000000e3980000,0x00000000e4300000)
 ParOldGen       total 62976K, used 11090K [0x00000000a0000000, 0x00000000a3d80000, 0x00000000e0000000)
  object space 62976K, 17% used [0x00000000a0000000,0x00000000a0ad4aa0,0x00000000a3d80000)
 Metaspace       used 30016K, capacity 30604K, committed 30720K, reserved 1075200K
  class space    used 4098K, capacity 4246K, committed 4352K, reserved 1048576K
Event: 19.105 GC heap after
Heap after GC invocations=9 (full 1):
 PSYoungGen      total 58880K, used 5444K [0x00000000e0000000, 0x00000000e4380000, 0x0000000100000000)
  eden space 49152K, 0% used [0x00000000e0000000,0x00000000e0000000,0x00000000e3000000)
  from space 9728K, 55% used [0x00000000e3980000,0x00000000e3ed1040,0x00000000e4300000)
  to   space 9728K, 0% used [0x00000000e3000000,0x00000000e3000000,0x00000000e3980000)
 ParOldGen       total 62976K, used 11098K [0x00000000a0000000, 0x00000000a3d80000, 0x00000000e0000000)
  object space 62976K, 17% used [0x00000000a0000000,0x00000000a0ad6aa0,0x00000000a3d80000)
 Metaspace       used 30016K, capacity 30604K, committed 30720K, reserved 1075200K
  class space    used 4098K, capacity 4246K, committed 4352K, reserved 1048576K
}

