# JRE version: OpenJDK Runtime Environment (8.0_112-b06) (build 1.8.0_112-release-b06)
# Java VM: OpenJDK 64-Bit Server VM (25.112-b06 mixed mode windows-amd64 compressed oops)
Heap:
 PSYoungGen      total 38400K, used 12235K [0x00000000e0000000, 0x00000000e2e00000, 0x0000000100000000)
  eden space 33280K, 21% used [0x00000000e0000000,0x00000000e06f6ae0,0x00000000e2080000)
  from space 5120K, 99% used [0x00000000e2080000,0x00000000e257c4b8,0x00000000e2580000)
  to   space 5120K, 0% used [0x00000000e2900000,0x00000000e2900000,0x00000000e2e00000)
 ParOldGen       total 64000K, used 1309K [0x00000000a0000000, 0x00000000a3e80000, 0x00000000e0000000)
  object space 64000K, 2% used [0x00000000a0000000,0x00000000a0147438,0x00000000a3e80000)
 Metaspace       used 14173K, capacity 14438K, committed 14592K, reserved 1062912K
  class space    used 1918K, capacity 2034K, committed 2048K, reserved 1048576K
GC Heap History (8 events):
Event: 0.309 GC heap before
{Heap before GC invocations=1 (full 0):
 PSYoungGen      total 38400K, used 1331K [0x00000000e0000000, 0x00000000e2a80000, 0x0000000100000000)
  eden space 33280K, 4% used [0x00000000e0000000,0x00000000e014cd30,0x00000000e2080000)
  from space 5120K, 0% used [0x00000000e2580000,0x00000000e2580000,0x00000000e2a80000)
  to   space 5120K, 0% used [0x00000000e2080000,0x00000000e2080000,0x00000000e2580000)
 ParOldGen       total 87552K, used 0K [0x00000000a0000000, 0x00000000a5580000, 0x00000000e0000000)
  object space 87552K, 0% used [0x00000000a0000000,0x00000000a0000000,0x00000000a5580000)
 Metaspace       used 2759K, capacity 4484K, committed 4736K, reserved 1056768K
  class space    used 285K, capacity 384K, committed 384K, reserved 1048576K
Event: 0.312 GC heap after
Heap after GC invocations=1 (full 0):
 PSYoungGen      total 38400K, used 616K [0x00000000e0000000, 0x00000000e2a80000, 0x0000000100000000)
  eden space 33280K, 0% used [0x00000000e0000000,0x00000000e0000000,0x00000000e2080000)
  from space 5120K, 12% used [0x00000000e2080000,0x00000000e211a020,0x00000000e2580000)
  to   space 5120K, 0% used [0x00000000e2580000,0x00000000e2580000,0x00000000e2a80000)
 ParOldGen       total 87552K, used 8K [0x00000000a0000000, 0x00000000a5580000, 0x00000000e0000000)
  object space 87552K, 0% used [0x00000000a0000000,0x00000000a0002000,0x00000000a5580000)
 Metaspace       used 2759K, capacity 4484K, committed 4736K, reserved 1056768K
  class space    used 285K, capacity 384K, committed 384K, reserved 1048576K
}
Event: 0.312 GC heap before
{Heap before GC invocations=2 (full 1):
 PSYoungGen      total 38400K, used 616K [0x00000000e0000000, 0x00000000e2a80000, 0x0000000100000000)
  eden space 33280K, 0% used [0x00000000e0000000,0x00000000e0000000,0x00000000e2080000)
  from space 5120K, 12% used [0x00000000e2080000,0x00000000e211a020,0x00000000e2580000)
  to   space 5120K, 0% used [0x00000000e2580000,0x00000000e2580000,0x00000000e2a80000)
 ParOldGen       total 87552K, used 8K [0x00000000a0000000, 0x00000000a5580000, 0x00000000e0000000)
  object space 87552K, 0% used [0x00000000a0000000,0x00000000a0002000,0x00000000a5580000)
 Metaspace       used 2759K, capacity 4484K, committed 4736K, reserved 1056768K
  class space    used 285K, capacity 384K, committed 384K, reserved 1048576K
Event: 0.332 GC heap after
Heap after GC invocations=2 (full 1):
 PSYoungGen      total 38400K, used 0K [0x00000000e0000000, 0x00000000e2a80000, 0x0000000100000000)
  eden space 33280K, 0% used [0x00000000e0000000,0x00000000e0000000,0x00000000e2080000)
  from space 5120K, 0% used [0x00000000e2080000,0x00000000e2080000,0x00000000e2580000)
  to   space 5120K, 0% used [0x00000000e2580000,0x00000000e2580000,0x00000000e2a80000)
 ParOldGen       total 64000K, used 524K [0x00000000a0000000, 0x00000000a3e80000, 0x00000000e0000000)
  object space 64000K, 0% used [0x00000000a0000000,0x00000000a0083038,0x00000000a3e80000)
 Metaspace       used 2759K, capacity 4484K, committed 4736K, reserved 1056768K
  class space    used 285K, capacity 384K, committed 384K, reserved 1048576K
}
Event: 2.587 GC heap before
{Heap before GC invocations=3 (full 1):
 PSYoungGen      total 38400K, used 33280K [0x00000000e0000000, 0x00000000e2a80000, 0x0000000100000000)
  eden space 33280K, 100% used [0x00000000e0000000,0x00000000e2080000,0x00000000e2080000)
  from space 5120K, 0% used [0x00000000e2080000,0x00000000e2080000,0x00000000e2580000)
  to   space 5120K, 0% used [0x00000000e2580000,0x00000000e2580000,0x00000000e2a80000)
 ParOldGen       total 64000K, used 524K [0x00000000a0000000, 0x00000000a3e80000, 0x00000000e0000000)
  object space 64000K, 0% used [0x00000000a0000000,0x00000000a0083038,0x00000000a3e80000)
 Metaspace       used 6968K, capacity 7200K, committed 7424K, reserved 1056768K
  class space    used 857K, capacity 932K, committed 1024K, reserved 1048576K
Event: 2.604 GC heap after
Heap after GC invocations=3 (full 1):
 PSYoungGen      total 38400K, used 4473K [0x00000000e0000000, 0x00000000e2e00000, 0x0000000100000000)
  eden space 33280K, 0% used [0x00000000e0000000,0x00000000e0000000,0x00000000e2080000)
  from space 5120K, 87% used [0x00000000e2580000,0x00000000e29de638,0x00000000e2a80000)
  to   space 5120K, 0% used [0x00000000e2080000,0x00000000e2080000,0x00000000e2580000)
 ParOldGen       total 64000K, used 532K [0x00000000a0000000, 0x00000000a3e80000, 0x00000000e0000000)
  object space 64000K, 0% used [0x00000000a0000000,0x00000000a0085038,0x00000000a3e80000)
 Metaspace       used 6968K, capacity 7200K, committed 7424K, reserved 1056768K
  class space    used 857K, capacity 932K, committed 1024K, reserved 1048576K
}
Event: 6.155 GC heap before
{Heap before GC invocations=4 (full 1):
 PSYoungGen      total 38400K, used 37753K [0x00000000e0000000, 0x00000000e2e00000, 0x0000000100000000)
  eden space 33280K, 100% used [0x00000000e0000000,0x00000000e2080000,0x00000000e2080000)
  from space 5120K, 87% used [0x00000000e2580000,0x00000000e29de638,0x00000000e2a80000)
  to   space 5120K, 0% used [0x00000000e2080000,0x00000000e2080000,0x00000000e2580000)
 ParOldGen       total 64000K, used 532K [0x00000000a0000000, 0x00000000a3e80000, 0x00000000e0000000)
  object space 64000K, 0% used [0x00000000a0000000,0x00000000a0085038,0x00000000a3e80000)
 Metaspace       used 13472K, capacity 13830K, committed 14080K, reserved 1062912K
  class space    used 1802K, capacity 1938K, committed 2048K, reserved 1048576K
Event: 6.175 GC heap after
Heap after GC invocations=4 (full 1):
 PSYoungGen      total 38400K, used 5105K [0x00000000e0000000, 0x00000000e2e00000, 0x0000000100000000)
  eden space 33280K, 0% used [0x00000000e0000000,0x00000000e0000000,0x00000000e2080000)
  from space 5120K, 99% used [0x00000000e2080000,0x00000000e257c4b8,0x00000000e2580000)
  to   space 5120K, 0% used [0x00000000e2900000,0x00000000e2900000,0x00000000e2e00000)
 ParOldGen       total 64000K, used 1309K [0x00000000a0000000, 0x00000000a3e80000, 0x00000000e0000000)
  object space 64000K, 2% used [0x00000000a0000000,0x00000000a0147438,0x00000000a3e80000)
 Metaspace       used 13472K, capacity 13830K, committed 14080K, reserved 1062912K
  class space    used 1802K, capacity 1938K, committed 2048K, reserved 1048576K
}

