# JRE version: OpenJDK Runtime Environment (8.0_112-b06) (build 1.8.0_112-release-b06)
# Java VM: OpenJDK 64-Bit Server VM (25.112-b06 mixed mode windows-amd64 compressed oops)
Heap:
 PSYoungGen      total 133632K, used 106631K [0x00000000e0000000, 0x00000000e8f00000, 0x0000000100000000)
  eden space 122880K, 79% used [0x00000000e0000000,0x00000000e5fe7f58,0x00000000e7800000)
  from space 10752K, 78% used [0x00000000e8480000,0x00000000e8cb9ee0,0x00000000e8f00000)
  to   space 11776K, 0% used [0x00000000e7800000,0x00000000e7800000,0x00000000e8380000)
 ParOldGen       total 68096K, used 14005K [0x00000000a0000000, 0x00000000a4280000, 0x00000000e0000000)
  object space 68096K, 20% used [0x00000000a0000000,0x00000000a0dad778,0x00000000a4280000)
 Metaspace       used 46392K, capacity 47730K, committed 47872K, reserved 1091584K
  class space    used 6307K, capacity 6605K, committed 6656K, reserved 1048576K
GC Heap History (10 events):
Event: 13.335 GC heap before
{Heap before GC invocations=8 (full 1):
 PSYoungGen      total 59392K, used 58644K [0x00000000e0000000, 0x00000000e4700000, 0x0000000100000000)
  eden space 52224K, 100% used [0x00000000e0000000,0x00000000e3300000,0x00000000e3300000)
  from space 7168K, 89% used [0x00000000e4000000,0x00000000e46451c0,0x00000000e4700000)
  to   space 10240K, 0% used [0x00000000e3300000,0x00000000e3300000,0x00000000e3d00000)
 ParOldGen       total 58880K, used 8762K [0x00000000a0000000, 0x00000000a3980000, 0x00000000e0000000)
  object space 58880K, 14% used [0x00000000a0000000,0x00000000a088ead8,0x00000000a3980000)
 Metaspace       used 29813K, capacity 30416K, committed 30720K, reserved 1075200K
  class space    used 4070K, capacity 4246K, committed 4352K, reserved 1048576K
Event: 13.347 GC heap after
Heap after GC invocations=8 (full 1):
 PSYoungGen      total 62464K, used 6858K [0x00000000e0000000, 0x00000000e6400000, 0x0000000100000000)
  eden space 52224K, 0% used [0x00000000e0000000,0x00000000e0000000,0x00000000e3300000)
  from space 10240K, 66% used [0x00000000e3300000,0x00000000e39b2b30,0x00000000e3d00000)
  to   space 10240K, 0% used [0x00000000e5a00000,0x00000000e5a00000,0x00000000e6400000)
 ParOldGen       total 58880K, used 8770K [0x00000000a0000000, 0x00000000a3980000, 0x00000000e0000000)
  object space 58880K, 14% used [0x00000000a0000000,0x00000000a0890ad8,0x00000000a3980000)
 Metaspace       used 29813K, capacity 30416K, committed 30720K, reserved 1075200K
  class space    used 4070K, capacity 4246K, committed 4352K, reserved 1048576K
}
Event: 15.334 GC heap before
{Heap before GC invocations=9 (full 1):
 PSYoungGen      total 62464K, used 59082K [0x00000000e0000000, 0x00000000e6400000, 0x0000000100000000)
  eden space 52224K, 100% used [0x00000000e0000000,0x00000000e3300000,0x00000000e3300000)
  from space 10240K, 66% used [0x00000000e3300000,0x00000000e39b2b30,0x00000000e3d00000)
  to   space 10240K, 0% used [0x00000000e5a00000,0x00000000e5a00000,0x00000000e6400000)
 ParOldGen       total 58880K, used 8770K [0x00000000a0000000, 0x00000000a3980000, 0x00000000e0000000)
  object space 58880K, 14% used [0x00000000a0000000,0x00000000a0890ad8,0x00000000a3980000)
 Metaspace       used 34512K, capacity 35286K, committed 35416K, reserved 1079296K
  class space    used 4662K, capacity 4850K, committed 4864K, reserved 1048576K
Event: 15.345 GC heap after
Heap after GC invocations=9 (full 1):
 PSYoungGen      total 90112K, used 10215K [0x00000000e0000000, 0x00000000e6500000, 0x0000000100000000)
  eden space 79872K, 0% used [0x00000000e0000000,0x00000000e0000000,0x00000000e4e00000)
  from space 10240K, 99% used [0x00000000e5a00000,0x00000000e63f9c68,0x00000000e6400000)
  to   space 11776K, 0% used [0x00000000e4e00000,0x00000000e4e00000,0x00000000e5980000)
 ParOldGen       total 58880K, used 9412K [0x00000000a0000000, 0x00000000a3980000, 0x00000000e0000000)
  object space 58880K, 15% used [0x00000000a0000000,0x00000000a09313a0,0x00000000a3980000)
 Metaspace       used 34512K, capacity 35286K, committed 35416K, reserved 1079296K
  class space    used 4662K, capacity 4850K, committed 4864K, reserved 1048576K
}
Event: 15.357 GC heap before
{Heap before GC invocations=10 (full 1):
 PSYoungGen      total 90112K, used 11817K [0x00000000e0000000, 0x00000000e6500000, 0x0000000100000000)
  eden space 79872K, 2% used [0x00000000e0000000,0x00000000e0190a60,0x00000000e4e00000)
  from space 10240K, 99% used [0x00000000e5a00000,0x00000000e63f9c68,0x00000000e6400000)
  to   space 11776K, 0% used [0x00000000e4e00000,0x00000000e4e00000,0x00000000e5980000)
 ParOldGen       total 58880K, used 9412K [0x00000000a0000000, 0x00000000a3980000, 0x00000000e0000000)
  object space 58880K, 15% used [0x00000000a0000000,0x00000000a09313a0,0x00000000a3980000)
 Metaspace       used 34613K, capacity 35354K, committed 35416K, reserved 1079296K
  class space    used 4668K, capacity 4854K, committed 4864K, reserved 1048576K
Event: 15.364 GC heap after
Heap after GC invocations=10 (full 1):
 PSYoungGen      total 91648K, used 3588K [0x00000000e0000000, 0x00000000e9000000, 0x0000000100000000)
  eden space 79872K, 0% used [0x00000000e0000000,0x00000000e0000000,0x00000000e4e00000)
  from space 11776K, 30% used [0x00000000e4e00000,0x00000000e5181388,0x00000000e5980000)
  to   space 11776K, 0% used [0x00000000e8480000,0x00000000e8480000,0x00000000e9000000)
 ParOldGen       total 58880K, used 13209K [0x00000000a0000000, 0x00000000a3980000, 0x00000000e0000000)
  object space 58880K, 22% used [0x00000000a0000000,0x00000000a0ce6720,0x00000000a3980000)
 Metaspace       used 34613K, capacity 35354K, committed 35416K, reserved 1079296K
  class space    used 4668K, capacity 4854K, committed 4864K, reserved 1048576K
}
Event: 15.364 GC heap before
{Heap before GC invocations=11 (full 2):
 PSYoungGen      total 91648K, used 3588K [0x00000000e0000000, 0x00000000e9000000, 0x0000000100000000)
  eden space 79872K, 0% used [0x00000000e0000000,0x00000000e0000000,0x00000000e4e00000)
  from space 11776K, 30% used [0x00000000e4e00000,0x00000000e5181388,0x00000000e5980000)
  to   space 11776K, 0% used [0x00000000e8480000,0x00000000e8480000,0x00000000e9000000)
 ParOldGen       total 58880K, used 13209K [0x00000000a0000000, 0x00000000a3980000, 0x00000000e0000000)
  object space 58880K, 22% used [0x00000000a0000000,0x00000000a0ce6720,0x00000000a3980000)
 Metaspace       used 34613K, capacity 35354K, committed 35416K, reserved 1079296K
  class space    used 4668K, capacity 4854K, committed 4864K, reserved 1048576K
Event: 15.442 GC heap after
Heap after GC invocations=11 (full 2):
 PSYoungGen      total 91648K, used 0K [0x00000000e0000000, 0x00000000e9000000, 0x0000000100000000)
  eden space 79872K, 0% used [0x00000000e0000000,0x00000000e0000000,0x00000000e4e00000)
  from space 11776K, 0% used [0x00000000e4e00000,0x00000000e4e00000,0x00000000e5980000)
  to   space 11776K, 0% used [0x00000000e8480000,0x00000000e8480000,0x00000000e9000000)
 ParOldGen       total 68096K, used 13997K [0x00000000a0000000, 0x00000000a4280000, 0x00000000e0000000)
  object space 68096K, 20% used [0x00000000a0000000,0x00000000a0dab778,0x00000000a4280000)
 Metaspace       used 34613K, capacity 35354K, committed 35416K, reserved 1079296K
  class space    used 4668K, capacity 4854K, committed 4864K, reserved 1048576K
}
Event: 16.461 GC heap before
{Heap before GC invocations=12 (full 2):
 PSYoungGen      total 91648K, used 79872K [0x00000000e0000000, 0x00000000e9000000, 0x0000000100000000)
  eden space 79872K, 100% used [0x00000000e0000000,0x00000000e4e00000,0x00000000e4e00000)
  from space 11776K, 0% used [0x00000000e4e00000,0x00000000e4e00000,0x00000000e5980000)
  to   space 11776K, 0% used [0x00000000e8480000,0x00000000e8480000,0x00000000e9000000)
 ParOldGen       total 68096K, used 13997K [0x00000000a0000000, 0x00000000a4280000, 0x00000000e0000000)
  object space 68096K, 20% used [0x00000000a0000000,0x00000000a0dab778,0x00000000a4280000)
 Metaspace       used 38074K, capacity 38988K, committed 39168K, reserved 1083392K
  class space    used 5098K, capacity 5368K, committed 5376K, reserved 1048576K
Event: 16.470 GC heap after
Heap after GC invocations=12 (full 2):
 PSYoungGen      total 133632K, used 8423K [0x00000000e0000000, 0x00000000e8f00000, 0x0000000100000000)
  eden space 122880K, 0% used [0x00000000e0000000,0x00000000e0000000,0x00000000e7800000)
  from space 10752K, 78% used [0x00000000e8480000,0x00000000e8cb9ee0,0x00000000e8f00000)
  to   space 11776K, 0% used [0x00000000e7800000,0x00000000e7800000,0x00000000e8380000)
 ParOldGen       total 68096K, used 14005K [0x00000000a0000000, 0x00000000a4280000, 0x00000000e0000000)
  object space 68096K, 20% used [0x00000000a0000000,0x00000000a0dad778,0x00000000a4280000)
 Metaspace       used 38074K, capacity 38988K, committed 39168K, reserved 1083392K
  class space    used 5098K, capacity 5368K, committed 5376K, reserved 1048576K
}

