# JRE version: OpenJDK Runtime Environment (8.0_112-b06) (build 1.8.0_112-release-b06)
# Java VM: OpenJDK 64-Bit Server VM (25.112-b06 mixed mode windows-amd64 compressed oops)
Heap:
 PSYoungGen      total 72192K, used 36206K [0x00000000e0000000, 0x00000000e5200000, 0x0000000100000000)
  eden space 62464K, 47% used [0x00000000e0000000,0x00000000e1d0a5d0,0x00000000e3d00000)
  from space 9728K, 66% used [0x00000000e4880000,0x00000000e4ed13f8,0x00000000e5200000)
  to   space 10752K, 0% used [0x00000000e3d00000,0x00000000e3d00000,0x00000000e4780000)
 ParOldGen       total 66048K, used 14921K [0x00000000a0000000, 0x00000000a4080000, 0x00000000e0000000)
  object space 66048K, 22% used [0x00000000a0000000,0x00000000a0e92648,0x00000000a4080000)
 Metaspace       used 39998K, capacity 40980K, committed 41344K, reserved 1085440K
  class space    used 5410K, capacity 5664K, committed 5760K, reserved 1048576K
GC Heap History (10 events):
Event: 24.189 GC heap before
{Heap before GC invocations=8 (full 1):
 PSYoungGen      total 55296K, used 52440K [0x00000000e0000000, 0x00000000e4100000, 0x0000000100000000)
  eden space 46080K, 100% used [0x00000000e0000000,0x00000000e2d00000,0x00000000e2d00000)
  from space 9216K, 69% used [0x00000000e3800000,0x00000000e3e360a8,0x00000000e4100000)
  to   space 10240K, 0% used [0x00000000e2d00000,0x00000000e2d00000,0x00000000e3700000)
 ParOldGen       total 66048K, used 8700K [0x00000000a0000000, 0x00000000a4080000, 0x00000000e0000000)
  object space 66048K, 13% used [0x00000000a0000000,0x00000000a087f128,0x00000000a4080000)
 Metaspace       used 29771K, capacity 30420K, committed 30720K, reserved 1075200K
  class space    used 4063K, capacity 4246K, committed 4352K, reserved 1048576K
Event: 24.221 GC heap after
Heap after GC invocations=8 (full 1):
 PSYoungGen      total 56320K, used 6667K [0x00000000e0000000, 0x00000000e5200000, 0x0000000100000000)
  eden space 46080K, 0% used [0x00000000e0000000,0x00000000e0000000,0x00000000e2d00000)
  from space 10240K, 65% used [0x00000000e2d00000,0x00000000e3382c88,0x00000000e3700000)
  to   space 9728K, 0% used [0x00000000e4880000,0x00000000e4880000,0x00000000e5200000)
 ParOldGen       total 66048K, used 8708K [0x00000000a0000000, 0x00000000a4080000, 0x00000000e0000000)
  object space 66048K, 13% used [0x00000000a0000000,0x00000000a0881128,0x00000000a4080000)
 Metaspace       used 29771K, capacity 30420K, committed 30720K, reserved 1075200K
  class space    used 4063K, capacity 4246K, committed 4352K, reserved 1048576K
}
Event: 33.089 GC heap before
{Heap before GC invocations=9 (full 1):
 PSYoungGen      total 56320K, used 52747K [0x00000000e0000000, 0x00000000e5200000, 0x0000000100000000)
  eden space 46080K, 100% used [0x00000000e0000000,0x00000000e2d00000,0x00000000e2d00000)
  from space 10240K, 65% used [0x00000000e2d00000,0x00000000e3382c88,0x00000000e3700000)
  to   space 9728K, 0% used [0x00000000e4880000,0x00000000e4880000,0x00000000e5200000)
 ParOldGen       total 66048K, used 8708K [0x00000000a0000000, 0x00000000a4080000, 0x00000000e0000000)
  object space 66048K, 13% used [0x00000000a0000000,0x00000000a0881128,0x00000000a4080000)
 Metaspace       used 33373K, capacity 34076K, committed 34432K, reserved 1079296K
  class space    used 4489K, capacity 4681K, committed 4736K, reserved 1048576K
Event: 33.114 GC heap after
Heap after GC invocations=9 (full 1):
 PSYoungGen      total 72192K, used 9518K [0x00000000e0000000, 0x00000000e5200000, 0x0000000100000000)
  eden space 62464K, 0% used [0x00000000e0000000,0x00000000e0000000,0x00000000e3d00000)
  from space 9728K, 97% used [0x00000000e4880000,0x00000000e51cba20,0x00000000e5200000)
  to   space 10752K, 0% used [0x00000000e3d00000,0x00000000e3d00000,0x00000000e4780000)
 ParOldGen       total 66048K, used 8780K [0x00000000a0000000, 0x00000000a4080000, 0x00000000e0000000)
  object space 66048K, 13% used [0x00000000a0000000,0x00000000a0893138,0x00000000a4080000)
 Metaspace       used 33373K, capacity 34076K, committed 34432K, reserved 1079296K
  class space    used 4489K, capacity 4681K, committed 4736K, reserved 1048576K
}
Event: 33.474 GC heap before
{Heap before GC invocations=10 (full 1):
 PSYoungGen      total 72192K, used 23450K [0x00000000e0000000, 0x00000000e5200000, 0x0000000100000000)
  eden space 62464K, 22% used [0x00000000e0000000,0x00000000e0d9ae40,0x00000000e3d00000)
  from space 9728K, 97% used [0x00000000e4880000,0x00000000e51cba20,0x00000000e5200000)
  to   space 10752K, 0% used [0x00000000e3d00000,0x00000000e3d00000,0x00000000e4780000)
 ParOldGen       total 66048K, used 8780K [0x00000000a0000000, 0x00000000a4080000, 0x00000000e0000000)
  object space 66048K, 13% used [0x00000000a0000000,0x00000000a0893138,0x00000000a4080000)
 Metaspace       used 34604K, capacity 35358K, committed 35416K, reserved 1079296K
  class space    used 4658K, capacity 4854K, committed 4864K, reserved 1048576K
Event: 33.488 GC heap after
Heap after GC invocations=10 (full 1):
 PSYoungGen      total 73216K, used 8359K [0x00000000e0000000, 0x00000000e5200000, 0x0000000100000000)
  eden space 62464K, 0% used [0x00000000e0000000,0x00000000e0000000,0x00000000e3d00000)
  from space 10752K, 77% used [0x00000000e3d00000,0x00000000e4529ee0,0x00000000e4780000)
  to   space 9728K, 0% used [0x00000000e4880000,0x00000000e4880000,0x00000000e5200000)
 ParOldGen       total 66048K, used 8788K [0x00000000a0000000, 0x00000000a4080000, 0x00000000e0000000)
  object space 66048K, 13% used [0x00000000a0000000,0x00000000a0895138,0x00000000a4080000)
 Metaspace       used 34604K, capacity 35358K, committed 35416K, reserved 1079296K
  class space    used 4658K, capacity 4854K, committed 4864K, reserved 1048576K
}
Event: 33.488 GC heap before
{Heap before GC invocations=11 (full 2):
 PSYoungGen      total 73216K, used 8359K [0x00000000e0000000, 0x00000000e5200000, 0x0000000100000000)
  eden space 62464K, 0% used [0x00000000e0000000,0x00000000e0000000,0x00000000e3d00000)
  from space 10752K, 77% used [0x00000000e3d00000,0x00000000e4529ee0,0x00000000e4780000)
  to   space 9728K, 0% used [0x00000000e4880000,0x00000000e4880000,0x00000000e5200000)
 ParOldGen       total 66048K, used 8788K [0x00000000a0000000, 0x00000000a4080000, 0x00000000e0000000)
  object space 66048K, 13% used [0x00000000a0000000,0x00000000a0895138,0x00000000a4080000)
 Metaspace       used 34604K, capacity 35358K, committed 35416K, reserved 1079296K
  class space    used 4658K, capacity 4854K, committed 4864K, reserved 1048576K
Event: 33.636 GC heap after
Heap after GC invocations=11 (full 2):
 PSYoungGen      total 73216K, used 0K [0x00000000e0000000, 0x00000000e5200000, 0x0000000100000000)
  eden space 62464K, 0% used [0x00000000e0000000,0x00000000e0000000,0x00000000e3d00000)
  from space 10752K, 0% used [0x00000000e3d00000,0x00000000e3d00000,0x00000000e4780000)
  to   space 9728K, 0% used [0x00000000e4880000,0x00000000e4880000,0x00000000e5200000)
 ParOldGen       total 66048K, used 14913K [0x00000000a0000000, 0x00000000a4080000, 0x00000000e0000000)
  object space 66048K, 22% used [0x00000000a0000000,0x00000000a0e90648,0x00000000a4080000)
 Metaspace       used 34604K, capacity 35358K, committed 35416K, reserved 1079296K
  class space    used 4658K, capacity 4854K, committed 4864K, reserved 1048576K
}
Event: 34.678 GC heap before
{Heap before GC invocations=12 (full 2):
 PSYoungGen      total 73216K, used 62464K [0x00000000e0000000, 0x00000000e5200000, 0x0000000100000000)
  eden space 62464K, 100% used [0x00000000e0000000,0x00000000e3d00000,0x00000000e3d00000)
  from space 10752K, 0% used [0x00000000e3d00000,0x00000000e3d00000,0x00000000e4780000)
  to   space 9728K, 0% used [0x00000000e4880000,0x00000000e4880000,0x00000000e5200000)
 ParOldGen       total 66048K, used 14913K [0x00000000a0000000, 0x00000000a4080000, 0x00000000e0000000)
  object space 66048K, 22% used [0x00000000a0000000,0x00000000a0e90648,0x00000000a4080000)
 Metaspace       used 37834K, capacity 38680K, committed 38912K, reserved 1083392K
  class space    used 5055K, capacity 5265K, committed 5376K, reserved 1048576K
Event: 34.688 GC heap after
Heap after GC invocations=12 (full 2):
 PSYoungGen      total 72192K, used 6468K [0x00000000e0000000, 0x00000000e5200000, 0x0000000100000000)
  eden space 62464K, 0% used [0x00000000e0000000,0x00000000e0000000,0x00000000e3d00000)
  from space 9728K, 66% used [0x00000000e4880000,0x00000000e4ed13f8,0x00000000e5200000)
  to   space 10752K, 0% used [0x00000000e3d00000,0x00000000e3d00000,0x00000000e4780000)
 ParOldGen       total 66048K, used 14921K [0x00000000a0000000, 0x00000000a4080000, 0x00000000e0000000)
  object space 66048K, 22% used [0x00000000a0000000,0x00000000a0e92648,0x00000000a4080000)
 Metaspace       used 37834K, capacity 38680K, committed 38912K, reserved 1083392K
  class space    used 5055K, capacity 5265K, committed 5376K, reserved 1048576K
}

